 01/17/2026 09:36:53 PM:INFO:This will be logged
 01/17/2026 09:37:05 PM:INFO:Home page is loading
 01/17/2026 09:37:34 PM:INFO:Test login started
 01/17/2026 09:37:47 PM:INFO:Test login ended
 01/17/2026 09:38:12 PM:INFO:Test logout started
 01/17/2026 09:38:24 PM:INFO:Test logout ended
 01/20/2026 03:21:01 PM:INFO:This will be logged
 01/20/2026 03:21:05 PM:INFO:Home page is loading
 01/20/2026 03:21:13 PM:INFO:Test login started
 01/20/2026 03:21:16 PM:INFO:Test login ended
 01/20/2026 03:21:25 PM:INFO:Test logout started
 01/20/2026 03:21:29 PM:INFO:Test logout ended
 01/22/2026 01:09:36 PM:INFO:This will be logged
 01/22/2026 01:09:50 PM:INFO:Home page is loading
 01/22/2026 01:09:58 PM:INFO:Test login started
 01/22/2026 01:10:00 PM:INFO:Test login ended
 01/22/2026 01:10:07 PM:INFO:Test logout started
 01/22/2026 01:10:09 PM:INFO:Test logout ended
 01/23/2026 01:30:40 PM:INFO:This will be logged
 01/23/2026 01:30:57 PM:INFO:Home page is loading
 01/23/2026 01:31:05 PM:INFO:Test login started
 01/23/2026 01:31:07 PM:INFO:Test login ended
 01/23/2026 01:31:14 PM:INFO:Test logout started
 01/23/2026 01:31:16 PM:INFO:Test logout ended
 01/23/2026 01:31:49 PM:INFO:This will be logged
 01/23/2026 01:31:52 PM:INFO:Home page is loading
 01/23/2026 01:32:01 PM:INFO:Test login started
 01/23/2026 01:32:03 PM:INFO:Test login ended
 01/23/2026 01:32:09 PM:INFO:Test logout started
 01/23/2026 01:32:12 PM:INFO:Test logout ended
 01/23/2026 01:37:14 PM:INFO:This will be logged
 01/23/2026 01:37:18 PM:INFO:Home page is loading
 01/23/2026 01:37:26 PM:INFO:Test login started
 01/23/2026 01:37:29 PM:INFO:Test login ended
 01/23/2026 01:37:35 PM:INFO:Test logout started
 01/23/2026 01:37:38 PM:INFO:Test logout ended
 01/23/2026 01:39:22 PM:INFO:This will be logged
 01/23/2026 01:39:25 PM:INFO:Home page is loading
 01/23/2026 01:39:33 PM:INFO:Test login started
 01/23/2026 01:39:36 PM:INFO:Test login ended
 01/23/2026 01:39:42 PM:INFO:Test logout started
 01/23/2026 01:39:45 PM:INFO:Test logout ended
 01/23/2026 01:41:32 PM:INFO:This will be logged
 01/23/2026 01:41:36 PM:INFO:Home page is loading
 01/23/2026 01:41:44 PM:INFO:Test login started
 01/23/2026 01:41:46 PM:INFO:Test login ended
 01/23/2026 01:41:53 PM:INFO:Test logout started
 01/23/2026 01:41:56 PM:INFO:Test logout ended
 01/23/2026 01:44:42 PM:INFO:This will be logged
 01/23/2026 01:44:46 PM:INFO:Home page is loading
 01/23/2026 01:44:54 PM:INFO:Test login started
 01/23/2026 01:44:56 PM:INFO:Test login ended
 01/23/2026 01:45:02 PM:INFO:Test logout started
 01/23/2026 01:45:05 PM:INFO:Test logout ended
 01/23/2026 01:45:55 PM:INFO:This will be logged
 01/23/2026 01:45:59 PM:INFO:Home page is loading
 01/23/2026 01:46:08 PM:INFO:Test login started
 01/23/2026 01:46:11 PM:INFO:Test login ended
 01/23/2026 01:46:16 PM:INFO:Test logout started
 01/23/2026 01:46:19 PM:INFO:Test logout ended
 01/23/2026 02:42:28 PM:INFO:This will be logged
 01/23/2026 02:42:35 PM:INFO:Home page is loading
 01/23/2026 02:42:46 PM:INFO:Test login started
 01/23/2026 02:42:49 PM:INFO:Test login ended
 01/23/2026 02:42:58 PM:INFO:Test logout started
 01/23/2026 02:43:02 PM:INFO:Test logout ended
 01/23/2026 02:44:23 PM:INFO:This will be logged
 01/23/2026 02:45:06 PM:INFO:This will be logged
 01/23/2026 02:48:43 PM:INFO:This will be logged
 01/23/2026 02:49:30 PM:INFO:This will be logged
 01/23/2026 02:51:40 PM:INFO:This will be logged
 01/23/2026 02:52:03 PM:INFO:This will be logged
 01/23/2026 03:07:57 PM:INFO:This will be logged
 01/23/2026 03:08:04 PM:INFO:Home page is loading
 01/23/2026 03:08:15 PM:INFO:Test login started
 01/23/2026 03:08:18 PM:INFO:Test login ended
 01/23/2026 03:08:26 PM:INFO:Test logout started
 01/23/2026 03:08:30 PM:INFO:Test logout ended
 01/25/2026 04:40:55 PM:INFO:This will be logged
 01/25/2026 04:41:09 PM:INFO:Home page is loading
 01/25/2026 04:41:17 PM:INFO:Test login started
 01/25/2026 04:41:20 PM:INFO:Test login ended
 01/25/2026 04:41:26 PM:INFO:Test logout started
 01/25/2026 04:41:28 PM:INFO:Test logout ended
 01/25/2026 05:13:19 PM:INFO:This will be logged
 01/25/2026 05:13:23 PM:INFO:Home page is loading
 01/25/2026 05:13:30 PM:INFO:Test login started
 01/25/2026 05:13:32 PM:INFO:Test login ended
 01/25/2026 05:13:39 PM:INFO:Test logout started
 01/25/2026 05:13:42 PM:INFO:Test logout ended
 01/25/2026 05:14:25 PM:INFO:This will be logged
 01/25/2026 05:14:29 PM:INFO:Home page is loading
 01/25/2026 05:14:37 PM:INFO:Test login started
 01/25/2026 05:14:39 PM:INFO:Test login ended
 01/25/2026 05:14:46 PM:INFO:Test logout started
 01/25/2026 05:14:49 PM:INFO:Test logout ended
 01/27/2026 03:17:29 PM:INFO:This will be logged
 01/27/2026 03:19:31 PM:INFO:This will be logged
 01/27/2026 03:23:48 PM:INFO:This will be logged
 01/27/2026 03:33:39 PM:INFO:This will be logged
 01/27/2026 03:38:43 PM:INFO:This will be logged
 01/27/2026 03:43:07 PM:INFO:This will be logged
 01/27/2026 03:43:42 PM:INFO:This will be logged
 01/27/2026 03:48:11 PM:INFO:This will be logged
 01/27/2026 03:51:18 PM:INFO:This will be logged
 01/27/2026 03:53:20 PM:INFO:This will be logged
 01/27/2026 03:59:34 PM:INFO:This will be logged
 01/27/2026 04:04:31 PM:INFO:This will be logged
 01/27/2026 04:08:52 PM:INFO:This will be logged
 01/27/2026 04:10:16 PM:INFO:This will be logged
 01/27/2026 04:10:21 PM:INFO:Home page is loading
 01/27/2026 04:10:30 PM:INFO:Test login started
 01/27/2026 04:10:33 PM:INFO:Test login ended
 01/27/2026 04:10:39 PM:INFO:Test logout started
 01/27/2026 04:10:43 PM:INFO:Test logout ended
 01/27/2026 04:12:09 PM:INFO:This will be logged
 01/28/2026 02:55:07 PM:INFO:This will be logged
 01/28/2026 03:09:34 PM:INFO:This will be logged
 01/28/2026 03:09:45 PM:INFO:Add to cart test successfully completed
 01/28/2026 03:19:43 PM:INFO:This will be logged
 01/28/2026 03:19:54 PM:INFO:Add to cart test successfully completed
 01/28/2026 03:40:31 PM:INFO:This will be logged
 01/28/2026 03:40:35 PM:INFO:Home page is loading
 01/28/2026 03:42:04 PM:INFO:This will be logged
 01/28/2026 03:44:17 PM:INFO:This will be logged
 01/28/2026 03:44:21 PM:INFO:Home page is loading
 01/28/2026 03:44:30 PM:INFO:Test login started
 01/28/2026 03:44:33 PM:INFO:Test login ended
 01/28/2026 03:44:39 PM:INFO:Test logout started
 01/28/2026 03:44:42 PM:INFO:Test logout ended
 01/28/2026 03:46:27 PM:INFO:This will be logged
 01/28/2026 03:46:31 PM:INFO:Add to cart test started
 01/28/2026 03:46:38 PM:INFO:Add to cart test successfully completed
 01/28/2026 03:53:54 PM:INFO:This will be logged
 01/28/2026 03:53:58 PM:INFO:Add to cart test started
 01/28/2026 03:54:34 PM:INFO:Add to cart test successfully completed
 01/28/2026 03:57:33 PM:INFO:This will be logged
 01/28/2026 03:57:37 PM:INFO:Remove from cart test started
 01/29/2026 10:25:54 PM:INFO:This will be logged
 01/29/2026 10:25:57 PM:INFO:Home page is loading
 01/29/2026 10:26:03 PM:INFO:Test login started
 01/29/2026 10:26:04 PM:INFO:Test login ended
 01/29/2026 10:26:10 PM:INFO:Test logout started
 01/29/2026 10:26:12 PM:INFO:Test logout ended
